mode: set
github.com/skycoin/skycoin-exchange/src/server/wallet/deterministic_wlt.go:37.90,38.18 1 1
github.com/skycoin/skycoin-exchange/src/server/wallet/deterministic_wlt.go:55.2,55.25 1 0
github.com/skycoin/skycoin-exchange/src/server/wallet/deterministic_wlt.go:39.2,42.33 3 1
github.com/skycoin/skycoin-exchange/src/server/wallet/deterministic_wlt.go:48.3,51.21 3 1
github.com/skycoin/skycoin-exchange/src/server/wallet/deterministic_wlt.go:52.2,52.15 0 0
github.com/skycoin/skycoin-exchange/src/server/wallet/deterministic_wlt.go:53.2,53.10 0 0
github.com/skycoin/skycoin-exchange/src/server/wallet/deterministic_wlt.go:42.33,47.4 1 1
github.com/skycoin/skycoin-exchange/src/server/wallet/deterministic_wlt.go:69.57,74.2 4 1
github.com/skycoin/skycoin-exchange/src/server/wallet/deterministic_wlt.go:76.51,78.2 1 1
github.com/skycoin/skycoin-exchange/src/server/wallet/deterministic_wlt.go:80.49,82.2 1 1
github.com/skycoin/skycoin-exchange/src/server/wallet/deterministic_wlt.go:84.60,93.46 2 1
github.com/skycoin/skycoin-exchange/src/server/wallet/deterministic_wlt.go:100.2,100.10 1 1
github.com/skycoin/skycoin-exchange/src/server/wallet/deterministic_wlt.go:93.46,95.29 2 1
github.com/skycoin/skycoin-exchange/src/server/wallet/deterministic_wlt.go:98.3,98.35 1 1
github.com/skycoin/skycoin-exchange/src/server/wallet/deterministic_wlt.go:95.29,97.4 1 1
github.com/skycoin/skycoin-exchange/src/server/wallet/deterministic_wlt.go:103.82,110.55 2 1
github.com/skycoin/skycoin-exchange/src/server/wallet/deterministic_wlt.go:114.2,114.59 1 1
github.com/skycoin/skycoin-exchange/src/server/wallet/deterministic_wlt.go:118.2,124.43 2 1
github.com/skycoin/skycoin-exchange/src/server/wallet/deterministic_wlt.go:132.2,132.44 1 1
github.com/skycoin/skycoin-exchange/src/server/wallet/deterministic_wlt.go:135.2,135.17 1 1
github.com/skycoin/skycoin-exchange/src/server/wallet/deterministic_wlt.go:110.55,112.3 1 0
github.com/skycoin/skycoin-exchange/src/server/wallet/deterministic_wlt.go:114.59,116.3 1 0
github.com/skycoin/skycoin-exchange/src/server/wallet/deterministic_wlt.go:124.43,126.29 2 1
github.com/skycoin/skycoin-exchange/src/server/wallet/deterministic_wlt.go:129.3,129.37 1 1
github.com/skycoin/skycoin-exchange/src/server/wallet/deterministic_wlt.go:126.29,128.4 1 1
github.com/skycoin/skycoin-exchange/src/server/wallet/deterministic_wlt.go:132.44,134.3 1 0
github.com/skycoin/skycoin-exchange/src/server/wallet/deterministic_wlt.go:139.53,141.2 1 1
github.com/skycoin/skycoin-exchange/src/server/wallet/deterministic_wlt.go:143.88,147.2 3 1
github.com/skycoin/skycoin-exchange/src/server/wallet/wallet.go:55.62,58.16 3 1
github.com/skycoin/skycoin-exchange/src/server/wallet/wallet.go:61.2,61.15 1 1
github.com/skycoin/skycoin-exchange/src/server/wallet/wallet.go:58.16,60.3 1 0
github.com/skycoin/skycoin-exchange/src/server/wallet/wallet.go:65.60,66.49 1 1
github.com/skycoin/skycoin-exchange/src/server/wallet/wallet.go:78.2,78.70 1 0
github.com/skycoin/skycoin-exchange/src/server/wallet/wallet.go:66.49,67.18 1 1
github.com/skycoin/skycoin-exchange/src/server/wallet/wallet.go:68.3,70.18 2 1
github.com/skycoin/skycoin-exchange/src/server/wallet/wallet.go:73.4,73.19 1 1
github.com/skycoin/skycoin-exchange/src/server/wallet/wallet.go:74.3,75.77 1 0
github.com/skycoin/skycoin-exchange/src/server/wallet/wallet.go:70.18,72.5 1 0
github.com/skycoin/skycoin-exchange/src/server/wallet/wallets.go:32.13,35.16 3 1
github.com/skycoin/skycoin-exchange/src/server/wallet/wallets.go:39.2,39.28 1 1
github.com/skycoin/skycoin-exchange/src/server/wallet/wallets.go:35.16,38.3 2 0
github.com/skycoin/skycoin-exchange/src/server/wallet/wallets.go:43.45,45.2 1 1
github.com/skycoin/skycoin-exchange/src/server/wallet/wallets.go:48.79,50.16 2 0
github.com/skycoin/skycoin-exchange/src/server/wallet/wallets.go:54.2,56.32 3 0
github.com/skycoin/skycoin-exchange/src/server/wallet/wallets.go:59.2,59.19 1 0
github.com/skycoin/skycoin-exchange/src/server/wallet/wallets.go:50.16,52.3 1 0
github.com/skycoin/skycoin-exchange/src/server/wallet/wallets.go:56.32,58.3 1 0
github.com/skycoin/skycoin-exchange/src/server/wallet/wallets.go:63.65,64.18 1 0
github.com/skycoin/skycoin-exchange/src/server/wallet/wallets.go:65.2,66.34 1 0
github.com/skycoin/skycoin-exchange/src/server/wallet/wallets.go:67.2,68.56 1 0
github.com/skycoin/skycoin-exchange/src/server/wallet/wallets.go:73.81,74.6 1 1
github.com/skycoin/skycoin-exchange/src/server/wallet/wallets.go:74.6,78.37 4 1
github.com/skycoin/skycoin-exchange/src/server/wallet/wallets.go:90.3,90.20 1 0
github.com/skycoin/skycoin-exchange/src/server/wallet/wallets.go:78.37,83.44 4 1
github.com/skycoin/skycoin-exchange/src/server/wallet/wallets.go:88.4,88.19 1 1
github.com/skycoin/skycoin-exchange/src/server/wallet/wallets.go:83.44,87.5 2 0
github.com/skycoin/skycoin-exchange/src/server/wallet/wallets.go:94.59,97.36 3 0
github.com/skycoin/skycoin-exchange/src/server/wallet/wallets.go:100.2,100.30 1 0
github.com/skycoin/skycoin-exchange/src/server/wallet/wallets.go:97.36,99.3 1 0
github.com/skycoin/skycoin-exchange/src/server/wallet/wallets.go:104.46,108.2 3 0
github.com/skycoin/skycoin-exchange/src/server/wallet/wallets.go:111.57,115.16 2 1
github.com/skycoin/skycoin-exchange/src/server/wallet/wallets.go:119.2,120.28 2 1
github.com/skycoin/skycoin-exchange/src/server/wallet/wallets.go:138.2,138.21 1 1
github.com/skycoin/skycoin-exchange/src/server/wallet/wallets.go:115.16,117.3 1 0
github.com/skycoin/skycoin-exchange/src/server/wallet/wallets.go:120.28,121.27 1 1
github.com/skycoin/skycoin-exchange/src/server/wallet/wallets.go:121.27,123.43 2 1
github.com/skycoin/skycoin-exchange/src/server/wallet/wallets.go:126.4,128.18 3 1
github.com/skycoin/skycoin-exchange/src/server/wallet/wallets.go:131.4,132.18 2 1
github.com/skycoin/skycoin-exchange/src/server/wallet/wallets.go:135.4,135.44 1 1
github.com/skycoin/skycoin-exchange/src/server/wallet/wallets.go:123.43,124.13 1 1
github.com/skycoin/skycoin-exchange/src/server/wallet/wallets.go:128.18,130.5 1 0
github.com/skycoin/skycoin-exchange/src/server/wallet/wallets.go:132.18,134.5 1 0
github.com/skycoin/skycoin-exchange/src/server/wallet/wallets.go:141.56,142.16 1 1
github.com/skycoin/skycoin-exchange/src/server/wallet/wallets.go:146.2,146.17 1 1
github.com/skycoin/skycoin-exchange/src/server/wallet/wallets.go:142.16,144.3 1 1
github.com/skycoin/skycoin-exchange/src/server/wallet/wallets.go:147.2,151.52 1 1
github.com/skycoin/skycoin-exchange/src/server/wallet/wallets.go:152.2,153.55 1 0
github.com/skycoin/skycoin-exchange/src/server/wallet/wallets.go:158.27,162.2 3 1
